-------------------------------------------------------------------------------
Test set: cart.CartApplicationTests
-------------------------------------------------------------------------------
Tests run: 2, Failures: 1, Errors: 0, Skipped: 0, Time elapsed: 2.979 s <<< FAILURE! - in cart.CartApplicationTests
testService  Time elapsed: 0.014 s  <<< FAILURE!
org.opentest4j.AssertionFailedError: expected: <true> but was: <false>
	at cart.CartApplicationTests.testService(CartApplicationTests.java:22)

